<?xml version="1.0" encoding="utf-8"?><testsuites name="pytest tests"><testsuite name="pytest" errors="0" failures="0" skipped="0" tests="9" time="0.362" timestamp="2026-09-18T10:38:49.801027+05:30" hostname="Ashutoshs-MacBook-Air.local"><testcase classname="exercises.pagination-api.test_main" name="test_source_example_page" time="0.008" /><testcase classname="exercises.pagination-api.test_main" name="test_first_page_uses_defaults" time="0.002" /><testcase classname="exercises.pagination-api.test_main" name="test_last_page_is_partial" time="0.002" /><testcase classname="exercises.pagination-api.test_main" name="test_offset_at_or_beyond_end_returns_empty_page[100]" time="0.003" /><testcase classname="exercises.pagination-api.test_main" name="test_offset_at_or_beyond_end_returns_empty_page[110]" time="0.003" /><testcase classname="exercises.pagination-api.test_main" name="test_invalid_pagination_values_return_422[limit=0-limit]" time="0.002" /><testcase classname="exercises.pagination-api.test_main" name="test_invalid_pagination_values_return_422[limit=-1-limit]" time="0.002" /><testcase classname="exercises.pagination-api.test_main" name="test_invalid_pagination_values_return_422[limit=10000-limit]" time="0.002" /><testcase classname="exercises.pagination-api.test_main" name="test_invalid_pagination_values_return_422[offset=-10-offset]" time="0.002" /></testsuite></testsuites>