<?xml version="1.0" encoding="utf-8"?><testsuites name="pytest tests"><testsuite name="pytest" errors="0" failures="0" skipped="0" tests="12" time="0.388" timestamp="2026-09-18T10:38:48.214959+05:30" hostname="Ashutoshs-MacBook-Air.local"><testcase classname="test_main" name="test_get_existing_item_returns_200" time="0.007" /><testcase classname="test_main" name="test_create_item_returns_201_and_location" time="0.003" /><testcase classname="test_main" name="test_delete_existing_item_returns_empty_204" time="0.003" /><testcase classname="test_main" name="test_unsupported_command_returns_400" time="0.002" /><testcase classname="test_main" name="test_missing_item_returns_404" time="0.002" /><testcase classname="test_main" name="test_invalid_transition_returns_409" time="0.002" /><testcase classname="test_main" name="test_invalid_user_returns_422" time="0.002" /><testcase classname="test_main" name="test_unexpected_failure_returns_safe_500" time="0.003" /><testcase classname="test_main" name="test_repeated_post_creates_distinct_resources" time="0.004" /><testcase classname="test_main" name="test_repeated_delete_has_the_same_final_effect_with_different_statuses" time="0.005" /><testcase classname="test_main" name="test_repeated_put_replacement_has_the_same_final_effect" time="0.006" /><testcase classname="test_main" name="test_put_missing_item_returns_404" time="0.002" /></testsuite></testsuites>