<?xml version="1.0" encoding="utf-8"?><testsuites name="pytest tests"><testsuite name="pytest" errors="0" failures="0" skipped="0" tests="44" time="0.992" timestamp="2026-09-18T10:39:59.884940+05:30" hostname="Ashutoshs-MacBook-Air.local"><testcase classname="tests.test_flagship_api" name="test_health_contract" time="0.009" /><testcase classname="tests.test_flagship_api" name="test_create_returns_full_resource_and_location" time="0.006" /><testcase classname="tests.test_flagship_api" name="test_repeated_create_generates_distinct_ids" time="0.005" /><testcase classname="tests.test_flagship_api" name="test_create_rejects_invalid_enum" time="0.003" /><testcase classname="tests.test_flagship_api" name="test_create_rejects_server_owned_field" time="0.004" /><testcase classname="tests.test_flagship_api" name="test_create_trims_strings" time="0.003" /><testcase classname="tests.test_flagship_api" name="test_get_existing_exception" time="0.005" /><testcase classname="tests.test_flagship_api" name="test_get_missing_exception" time="0.003" /><testcase classname="tests.test_flagship_api" name="test_get_malformed_id" time="0.003" /><testcase classname="tests.test_flagship_api" name="test_list_defaults_and_total" time="0.009" /><testcase classname="tests.test_flagship_api" name="test_list_filters_by_status" time="0.011" /><testcase classname="tests.test_flagship_api" name="test_list_filters_by_severity" time="0.008" /><testcase classname="tests.test_flagship_api" name="test_list_combines_filters" time="0.010" /><testcase classname="tests.test_flagship_api" name="test_list_paginates_after_filtering" time="0.012" /><testcase classname="tests.test_flagship_api" name="test_list_rejects_invalid_query[query0]" time="0.003" /><testcase classname="tests.test_flagship_api" name="test_list_rejects_invalid_query[query1]" time="0.003" /><testcase classname="tests.test_flagship_api" name="test_list_rejects_invalid_query[query2]" time="0.004" /><testcase classname="tests.test_flagship_api" name="test_list_rejects_invalid_query[query3]" time="0.003" /><testcase classname="tests.test_flagship_api" name="test_patch_updates_only_allowed_fields" time="0.008" /><testcase classname="tests.test_flagship_api" name="test_patch_rejects_null" time="0.007" /><testcase classname="tests.test_flagship_api" name="test_patch_rejects_immutable_field" time="0.005" /><testcase classname="tests.test_flagship_api" name="test_patch_rejects_empty_body" time="0.006" /><testcase classname="tests.test_flagship_api" name="test_patch_missing_item_does_not_mutate" time="0.003" /><testcase classname="tests.test_flagship_api" name="test_assign_transitions_and_stores_assignee" time="0.005" /><testcase classname="tests.test_flagship_api" name="test_assign_rejects_repeat_and_preserves_state" time="0.010" /><testcase classname="tests.test_flagship_api" name="test_assign_rejects_empty_assignee" time="0.005" /><testcase classname="tests.test_flagship_api" name="test_resolve_requires_investigating" time="0.005" /><testcase classname="tests.test_flagship_api" name="test_resolve_stores_details" time="0.008" /><testcase classname="tests.test_flagship_api" name="test_resolve_requires_both_fields" time="0.005" /><testcase classname="tests.test_flagship_api" name="test_close_requires_resolved" time="0.006" /><testcase classname="tests.test_flagship_api" name="test_close_transitions_resolved_to_closed" time="0.010" /><testcase classname="tests.test_flagship_api" name="test_state_machine_all_allowed[OPEN-assign-INVESTIGATING]" time="0.001" /><testcase classname="tests.test_flagship_api" name="test_state_machine_all_allowed[INVESTIGATING-resolve-RESOLVED]" time="0.001" /><testcase classname="tests.test_flagship_api" name="test_state_machine_all_allowed[RESOLVED-close-CLOSED]" time="0.001" /><testcase classname="tests.test_flagship_api" name="test_state_machine_rejects_invalid_transitions[OPEN-resolve]" time="0.000" /><testcase classname="tests.test_flagship_api" name="test_state_machine_rejects_invalid_transitions[OPEN-close]" time="0.000" /><testcase classname="tests.test_flagship_api" name="test_state_machine_rejects_invalid_transitions[INVESTIGATING-assign]" time="0.001" /><testcase classname="tests.test_flagship_api" name="test_state_machine_rejects_invalid_transitions[INVESTIGATING-close]" time="0.001" /><testcase classname="tests.test_flagship_api" name="test_state_machine_rejects_invalid_transitions[RESOLVED-assign]" time="0.000" /><testcase classname="tests.test_flagship_api" name="test_state_machine_rejects_invalid_transitions[RESOLVED-resolve]" time="0.000" /><testcase classname="tests.test_flagship_api" name="test_state_machine_rejects_invalid_transitions[CLOSED-assign]" time="0.000" /><testcase classname="tests.test_flagship_api" name="test_state_machine_rejects_invalid_transitions[CLOSED-resolve]" time="0.000" /><testcase classname="tests.test_flagship_api" name="test_state_machine_rejects_invalid_transitions[CLOSED-close]" time="0.000" /><testcase classname="tests.test_flagship_api" name="test_state_machine_rejects_unknown_action" time="0.000" /></testsuite></testsuites>