<?xml version="1.0" encoding="utf-8"?><testsuites name="pytest tests"><testsuite name="pytest" errors="0" failures="0" skipped="0" tests="84" time="1.946" timestamp="2026-09-22T00:02:31.392996+05:30" hostname="Ashutoshs-MacBook-Air.local"><testcase classname="tests.test_flagship_api" name="test_health_contract" time="0.020" /><testcase classname="tests.test_flagship_api" name="test_create_returns_full_resource_and_location" time="0.013" /><testcase classname="tests.test_flagship_api" name="test_repeated_create_generates_distinct_ids" time="0.017" /><testcase classname="tests.test_flagship_api" name="test_create_rejects_invalid_enum" time="0.007" /><testcase classname="tests.test_flagship_api" name="test_create_rejects_server_owned_field" time="0.008" /><testcase classname="tests.test_flagship_api" name="test_create_trims_strings" time="0.009" /><testcase classname="tests.test_flagship_api" name="test_get_existing_exception" time="0.019" /><testcase classname="tests.test_flagship_api" name="test_get_missing_exception" time="0.007" /><testcase classname="tests.test_flagship_api" name="test_get_malformed_id" time="0.013" /><testcase classname="tests.test_flagship_api" name="test_list_defaults_and_total" time="0.033" /><testcase classname="tests.test_flagship_api" name="test_list_filters_by_status" time="0.085" /><testcase classname="tests.test_flagship_api" name="test_list_filters_by_severity" time="0.026" /><testcase classname="tests.test_flagship_api" name="test_list_combines_filters" time="0.028" /><testcase classname="tests.test_flagship_api" name="test_list_paginates_after_filtering" time="0.048" /><testcase classname="tests.test_flagship_api" name="test_list_rejects_invalid_query[query0]" time="0.018" /><testcase classname="tests.test_flagship_api" name="test_list_rejects_invalid_query[query1]" time="0.014" /><testcase classname="tests.test_flagship_api" name="test_list_rejects_invalid_query[query2]" time="0.012" /><testcase classname="tests.test_flagship_api" name="test_list_rejects_invalid_query[query3]" time="0.013" /><testcase classname="tests.test_flagship_api" name="test_patch_updates_only_allowed_fields" time="0.020" /><testcase classname="tests.test_flagship_api" name="test_patch_rejects_null" time="0.010" /><testcase classname="tests.test_flagship_api" name="test_patch_rejects_immutable_field" time="0.011" /><testcase classname="tests.test_flagship_api" name="test_patch_rejects_empty_body" time="0.012" /><testcase classname="tests.test_flagship_api" name="test_patch_missing_item_does_not_mutate" time="0.006" /><testcase classname="tests.test_flagship_api" name="test_assign_transitions_and_stores_assignee" time="0.013" /><testcase classname="tests.test_flagship_api" name="test_assign_rejects_repeat_and_preserves_state" time="0.020" /><testcase classname="tests.test_flagship_api" name="test_assign_rejects_empty_assignee" time="0.010" /><testcase classname="tests.test_flagship_api" name="test_resolve_requires_investigating" time="0.010" /><testcase classname="tests.test_flagship_api" name="test_resolve_stores_details" time="0.012" /><testcase classname="tests.test_flagship_api" name="test_resolve_requires_both_fields" time="0.008" /><testcase classname="tests.test_flagship_api" name="test_close_requires_resolved" time="0.010" /><testcase classname="tests.test_flagship_api" name="test_close_transitions_resolved_to_closed" time="0.016" /><testcase classname="tests.test_flagship_api" name="test_state_machine_all_allowed[OPEN-assign-INVESTIGATING]" time="0.001" /><testcase classname="tests.test_flagship_api" name="test_state_machine_all_allowed[INVESTIGATING-resolve-RESOLVED]" time="0.001" /><testcase classname="tests.test_flagship_api" name="test_state_machine_all_allowed[RESOLVED-close-CLOSED]" time="0.001" /><testcase classname="tests.test_flagship_api" name="test_state_machine_rejects_invalid_transitions[OPEN-resolve]" time="0.001" /><testcase classname="tests.test_flagship_api" name="test_state_machine_rejects_invalid_transitions[OPEN-close]" time="0.001" /><testcase classname="tests.test_flagship_api" name="test_state_machine_rejects_invalid_transitions[INVESTIGATING-assign]" time="0.001" /><testcase classname="tests.test_flagship_api" name="test_state_machine_rejects_invalid_transitions[INVESTIGATING-close]" time="0.001" /><testcase classname="tests.test_flagship_api" name="test_state_machine_rejects_invalid_transitions[RESOLVED-assign]" time="0.001" /><testcase classname="tests.test_flagship_api" name="test_state_machine_rejects_invalid_transitions[RESOLVED-resolve]" time="0.001" /><testcase classname="tests.test_flagship_api" name="test_state_machine_rejects_invalid_transitions[CLOSED-assign]" time="0.001" /><testcase classname="tests.test_flagship_api" name="test_state_machine_rejects_invalid_transitions[CLOSED-resolve]" time="0.001" /><testcase classname="tests.test_flagship_api" name="test_state_machine_rejects_invalid_transitions[CLOSED-close]" time="0.001" /><testcase classname="tests.test_flagship_api" name="test_state_machine_rejects_unknown_action" time="0.001" /><testcase classname="exercises.pagination-api.test_main" name="test_source_example_page" time="0.009" /><testcase classname="exercises.pagination-api.test_main" name="test_first_page_uses_defaults" time="0.004" /><testcase classname="exercises.pagination-api.test_main" name="test_last_page_is_partial" time="0.004" /><testcase classname="exercises.pagination-api.test_main" name="test_offset_at_or_beyond_end_returns_empty_page[100]" time="0.004" /><testcase classname="exercises.pagination-api.test_main" name="test_offset_at_or_beyond_end_returns_empty_page[110]" time="0.004" /><testcase classname="exercises.pagination-api.test_main" name="test_invalid_pagination_values_return_422[limit=0-limit]" time="0.004" /><testcase classname="exercises.pagination-api.test_main" name="test_invalid_pagination_values_return_422[limit=-1-limit]" time="0.003" /><testcase classname="exercises.pagination-api.test_main" name="test_invalid_pagination_values_return_422[limit=10000-limit]" time="0.003" /><testcase classname="exercises.pagination-api.test_main" name="test_invalid_pagination_values_return_422[offset=-10-offset]" time="0.003" /><testcase classname="exercises.validation-api.test_main" name="test_valid_users_are_created[payload0]" time="0.007" /><testcase classname="exercises.validation-api.test_main" name="test_valid_users_are_created[payload1]" time="0.003" /><testcase classname="exercises.validation-api.test_main" name="test_valid_users_are_created[payload2]" time="0.003" /><testcase classname="exercises.validation-api.test_main" name="test_valid_users_are_created[payload3]" time="0.004" /><testcase classname="exercises.validation-api.test_main" name="test_valid_users_are_created[payload4]" time="0.003" /><testcase classname="exercises.validation-api.test_main" name="test_invalid_users_share_validation_error_envelope[payload0]" time="0.003" /><testcase classname="exercises.validation-api.test_main" name="test_invalid_users_share_validation_error_envelope[payload1]" time="0.003" /><testcase classname="exercises.validation-api.test_main" name="test_invalid_users_share_validation_error_envelope[payload2]" time="0.003" /><testcase classname="exercises.validation-api.test_main" name="test_invalid_users_share_validation_error_envelope[payload3]" time="0.004" /><testcase classname="exercises.validation-api.test_main" name="test_invalid_users_share_validation_error_envelope[payload4]" time="0.003" /><testcase classname="exercises.validation-api.test_main" name="test_invalid_users_share_validation_error_envelope[payload5]" time="0.003" /><testcase classname="exercises.validation-api.test_main" name="test_invalid_users_share_validation_error_envelope[payload6]" time="0.003" /><testcase classname="exercises.validation-api.test_main" name="test_invalid_users_share_validation_error_envelope[payload7]" time="0.005" /><testcase classname="exercises.validation-api.test_main" name="test_invalid_users_share_validation_error_envelope[payload8]" time="0.004" /><testcase classname="exercises.validation-api.test_main" name="test_invalid_users_share_validation_error_envelope[payload9]" time="0.003" /><testcase classname="exercises.validation-api.test_main" name="test_invalid_users_share_validation_error_envelope[payload10]" time="0.003" /><testcase classname="exercises.validation-api.test_main" name="test_missing_required_field_uses_validation_error_envelope" time="0.004" /><testcase classname="exercises.validation-api.test_main" name="test_non_object_json_uses_validation_error_envelope" time="0.003" /><testcase classname="test_main" name="test_get_existing_item_returns_200" time="0.005" /><testcase classname="test_main" name="test_create_item_returns_201_and_location" time="0.006" /><testcase classname="test_main" name="test_delete_existing_item_returns_empty_204" time="0.005" /><testcase classname="test_main" name="test_deleted_item_is_not_available_from_fixed_item_route" time="0.007" /><testcase classname="test_main" name="test_unsupported_command_returns_400" time="0.006" /><testcase classname="test_main" name="test_missing_item_returns_404" time="0.005" /><testcase classname="test_main" name="test_invalid_transition_returns_409" time="0.006" /><testcase classname="test_main" name="test_invalid_user_returns_422" time="0.004" /><testcase classname="test_main" name="test_unexpected_failure_returns_safe_500" time="0.005" /><testcase classname="test_main" name="test_repeated_post_creates_distinct_resources" time="0.009" /><testcase classname="test_main" name="test_repeated_delete_has_the_same_final_effect_with_different_statuses" time="0.012" /><testcase classname="test_main" name="test_repeated_put_replacement_has_the_same_final_effect" time="0.016" /><testcase classname="test_main" name="test_put_missing_item_returns_404" time="0.005" /></testsuite></testsuites>