<?xml version="1.0" encoding="utf-8"?><testsuites name="pytest tests"><testsuite name="pytest" errors="0" failures="0" skipped="0" tests="18" time="0.416" timestamp="2026-09-18T10:38:48.997718+05:30" hostname="Ashutoshs-MacBook-Air.local"><testcase classname="exercises.validation-api.test_main" name="test_valid_users_are_created[payload0]" time="0.008" /><testcase classname="exercises.validation-api.test_main" name="test_valid_users_are_created[payload1]" time="0.002" /><testcase classname="exercises.validation-api.test_main" name="test_valid_users_are_created[payload2]" time="0.002" /><testcase classname="exercises.validation-api.test_main" name="test_valid_users_are_created[payload3]" time="0.002" /><testcase classname="exercises.validation-api.test_main" name="test_valid_users_are_created[payload4]" time="0.002" /><testcase classname="exercises.validation-api.test_main" name="test_invalid_users_share_validation_error_envelope[payload0]" time="0.002" /><testcase classname="exercises.validation-api.test_main" name="test_invalid_users_share_validation_error_envelope[payload1]" time="0.003" /><testcase classname="exercises.validation-api.test_main" name="test_invalid_users_share_validation_error_envelope[payload2]" time="0.003" /><testcase classname="exercises.validation-api.test_main" name="test_invalid_users_share_validation_error_envelope[payload3]" time="0.002" /><testcase classname="exercises.validation-api.test_main" name="test_invalid_users_share_validation_error_envelope[payload4]" time="0.002" /><testcase classname="exercises.validation-api.test_main" name="test_invalid_users_share_validation_error_envelope[payload5]" time="0.002" /><testcase classname="exercises.validation-api.test_main" name="test_invalid_users_share_validation_error_envelope[payload6]" time="0.002" /><testcase classname="exercises.validation-api.test_main" name="test_invalid_users_share_validation_error_envelope[payload7]" time="0.003" /><testcase classname="exercises.validation-api.test_main" name="test_invalid_users_share_validation_error_envelope[payload8]" time="0.002" /><testcase classname="exercises.validation-api.test_main" name="test_invalid_users_share_validation_error_envelope[payload9]" time="0.002" /><testcase classname="exercises.validation-api.test_main" name="test_invalid_users_share_validation_error_envelope[payload10]" time="0.003" /><testcase classname="exercises.validation-api.test_main" name="test_missing_required_field_uses_validation_error_envelope" time="0.002" /><testcase classname="exercises.validation-api.test_main" name="test_non_object_json_uses_validation_error_envelope" time="0.002" /></testsuite></testsuites>